<?xml version="1.0" encoding="UTF-8"?>
<testsuite xmlns:xsi="http://www.w3.org/2001/XMLSchema-instance" xsi:noNamespaceSchemaLocation="https://maven.apache.org/surefire/maven-surefire-plugin/xsd/surefire-test-report-3.0.xsd" version="3.0" name="org.example.testRunner.runners" time="202.67" tests="20" errors="0" skipped="0" failures="3">
  <properties>
[...]
</properties>
  <testcase name="runScenario" classname="org.example.testRunner.runners" time="10.616"/>
  <testcase name="runScenario" classname="org.example.testRunner.runners" time="9.829"/>
  <testcase name="runScenario" classname="org.example.testRunner.runners" time="8.525"/>
  <testcase name="runScenario" classname="org.example.testRunner.runners" time="9.392"/>
  <testcase name="runScenario" classname="org.example.testRunner.runners" time="11.745"/>
  <testcase name="runScenario" classname="org.example.testRunner.runners" time="11.074"/>
  <testcase name="runScenario" classname="org.example.testRunner.runners" time="8.277"/>
  <testcase name="runScenario" classname="org.example.testRunner.runners" time="12.065"/>
  <testcase name="runScenario" classname="org.example.testRunner.runners" time="9.944"/>
  <testcase name="runScenario" classname="org.example.testRunner.runners" time="11.656"/>
  <testcase name="runScenario" classname="org.example.testRunner.runners" time="8.178"/>
  <testcase name="runScenario" classname="org.example.testRunner.runners" time="9.658"/>
  <testcase name="runScenario" classname="org.example.testRunner.runners" time="9.534">
    <failure message="expected [https://demo.nopcommerce.com/nokia-lumia-1020] but found [https://demo.nopcommerce.com/]" type="java.lang.AssertionError"><![CDATA[java.lang.AssertionError: expected [https://demo.nopcommerce.com/nokia-lumia-1020] but found [https://demo.nopcommerce.com/]
]]></failure>
    <system-out><![CDATA[
@smoke
Scenario: First slider is clickable on home page &amp#27;[90m# src/main/resources/Features/F7_HomeSilder.feature:3&amp#27;[0m
1
  &amp#27;[32mWhen &amp#27;[0m&amp#27;[32mUser select the first slider&amp#27;[0m              &amp#27;[90m# org.example.StepDefn.SD7_SliderStepDefn.select_ft_sliderBtn()&amp#27;[0m
  &amp#27;[32mAnd &amp#27;[0m&amp#27;[32mUser click on first slider&amp#27;[0m                 &amp#27;[90m# org.example.StepDefn.SD7_SliderStepDefn.click_Ft_Slider()&amp#27;[0m
https://demo.nopcommerce.com/
  &amp#27;[31mThen &amp#27;[0m&amp#27;[31mUser redirected to first slider URl&amp#27;[0m       &amp#27;[90m# org.example.StepDefn.SD7_SliderStepDefn.ft_slider_Page()&amp#27;[0m
      &amp#27;[31mjava.lang.AssertionError: expected [https://demo.nopcommerce.com/nokia-lumia-1020] but found [https://demo.nopcommerce.com/]
	at org.testng.Assert.fail(Assert.java:110)
	at org.testng.Assert.failNotEquals(Assert.java:1413)
	at org.testng.Assert.assertEqualsImpl(Assert.java:149)
	at org.testng.Assert.assertEquals(Assert.java:131)
	at org.testng.Assert.assertEquals(Assert.java:655)
	at org.testng.Assert.assertEquals(Assert.java:665)
	at org.example.StepDefn.SD7_SliderStepDefn.ft_slider_Page(SD7_SliderStepDefn.java:28)
	at âœ½.User redirected to first slider URl(file:///E:/FWD/FWD%20workspace/EcommerceDemo/src/main/resources/Features/F7_HomeSilder.feature:6)
&amp#27;[0m
]]></system-out>
    <system-err><![CDATA[Starting ChromeDriver 104.0.5112.79 (3cf3e8c8a07d104b9e1260c910efb8f383285dc5-refs/branch-heads/5112@{#1307}) on port 50681
Only local connections are allowed.
Please see https://chromedriver.chromium.org/security-considerations for suggestions on keeping ChromeDriver safe.
ChromeDriver was started successfully.
[1662927190.642][WARNING]: This version of ChromeDriver has not been tested with Chrome version 105.
Sep 11, 2022 10:13:10 PM org.openqa.selenium.remote.ProtocolHandshake createSession
INFO: Detected upstream dialect: W3C
Sep 11, 2022 10:13:10 PM org.openqa.selenium.devtools.CdpVersionFinder findNearestMatch
WARNING: Unable to find an exact match for CDP version 105, so returning the closest version found: 104
Sep 11, 2022 10:13:10 PM org.openqa.selenium.devtools.CdpVersionFinder findNearestMatch
INFO: Found CDP implementation for version 105 of 104
]]></system-err>
  </testcase>
  <testcase name="runScenario" classname="org.example.testRunner.runners" time="11.102">
    <failure message="expected [https://demo.nopcommerce.com/iphone-6] but found [https://demo.nopcommerce.com/]" type="java.lang.AssertionError"><![CDATA[java.lang.AssertionError: expected [https://demo.nopcommerce.com/iphone-6] but found [https://demo.nopcommerce.com/]
]]></failure>
    <system-out><![CDATA[
@smoke
Scenario: Second slider is clickable on home page &amp#27;[90m# src/main/resources/Features/F7_HomeSilder.feature:8&amp#27;[0m
2
  &amp#27;[32mWhen &amp#27;[0m&amp#27;[32mUser select the second slider&amp#27;[0m              &amp#27;[90m# org.example.StepDefn.SD7_SliderStepDefn.select_sec_sliderBtn()&amp#27;[0m
  &amp#27;[32mAnd &amp#27;[0m&amp#27;[32mUser click on second slider&amp#27;[0m                 &amp#27;[90m# org.example.StepDefn.SD7_SliderStepDefn.click_sec_Slider()&amp#27;[0m
https://demo.nopcommerce.com/
  &amp#27;[31mThen &amp#27;[0m&amp#27;[31mUser redirected to second slider URl&amp#27;[0m       &amp#27;[90m# org.example.StepDefn.SD7_SliderStepDefn.sec_slider_Page()&amp#27;[0m
      &amp#27;[31mjava.lang.AssertionError: expected [https://demo.nopcommerce.com/iphone-6] but found [https://demo.nopcommerce.com/]
	at org.testng.Assert.fail(Assert.java:110)
	at org.testng.Assert.failNotEquals(Assert.java:1413)
	at org.testng.Assert.assertEqualsImpl(Assert.java:149)
	at org.testng.Assert.assertEquals(Assert.java:131)
	at org.testng.Assert.assertEquals(Assert.java:655)
	at org.testng.Assert.assertEquals(Assert.java:665)
	at org.example.StepDefn.SD7_SliderStepDefn.sec_slider_Page(SD7_SliderStepDefn.java:47)
	at âœ½.User redirected to second slider URl(file:///E:/FWD/FWD%20workspace/EcommerceDemo/src/main/resources/Features/F7_HomeSilder.feature:11)
&amp#27;[0m
]]></system-out>
    <system-err><![CDATA[Starting ChromeDriver 104.0.5112.79 (3cf3e8c8a07d104b9e1260c910efb8f383285dc5-refs/branch-heads/5112@{#1307}) on port 64414
Only local connections are allowed.
Please see https://chromedriver.chromium.org/security-considerations for suggestions on keeping ChromeDriver safe.
ChromeDriver was started successfully.
[1662927200.179][WARNING]: This version of ChromeDriver has not been tested with Chrome version 105.
Sep 11, 2022 10:13:20 PM org.openqa.selenium.remote.ProtocolHandshake createSession
INFO: Detected upstream dialect: W3C
Sep 11, 2022 10:13:20 PM org.openqa.selenium.devtools.CdpVersionFinder findNearestMatch
WARNING: Unable to find an exact match for CDP version 105, so returning the closest version found: 104
Sep 11, 2022 10:13:20 PM org.openqa.selenium.devtools.CdpVersionFinder findNearestMatch
INFO: Found CDP implementation for version 105 of 104
]]></system-err>
  </testcase>
  <testcase name="runScenario" classname="org.example.testRunner.runners" time="9.365"/>
  <testcase name="runScenario" classname="org.example.testRunner.runners" time="9.991"/>
  <testcase name="runScenario" classname="org.example.testRunner.runners" time="8.084">
    <failure message="expected [https://demo.nopcommerce.com/new-online-store-is-open] but found [https://demo.nopcommerce.com/news/rss/1]" type="java.lang.AssertionError"><![CDATA[java.lang.AssertionError: expected [https://demo.nopcommerce.com/new-online-store-is-open] but found [https://demo.nopcommerce.com/news/rss/1]
]]></failure>
    <system-out><![CDATA[
@smoke
Scenario: Follow  us on RSS                                                             &amp#27;[90m# src/main/resources/Features/F8_FollowUs.feature:9&amp#27;[0m
RSS
  &amp#27;[32mWhen &amp#27;[0m&amp#27;[32mUser click on RSS icon&amp#27;[0m                                                           &amp#27;[90m# org.example.StepDefn.SD8_FollowStepDefn.userCickOnRSSIcon()&amp#27;[0m
1
  &amp#27;[31mThen &amp#27;[0m&amp#27;[31m&amp#27;[0m&amp#27;[31m&amp#27;[1m"https://demo.nopcommerce.com/new-online-store-is-open"&amp#27;[0m&amp#27;[31m RSS page open in new tab&amp#27;[0m &amp#27;[90m# org.example.StepDefn.SD8_FollowStepDefn.RSSPageOpenInNewTab(java.lang.String)&amp#27;[0m
      &amp#27;[31mjava.lang.AssertionError: expected [https://demo.nopcommerce.com/new-online-store-is-open] but found [https://demo.nopcommerce.com/news/rss/1]
	at org.testng.Assert.fail(Assert.java:110)
	at org.testng.Assert.failNotEquals(Assert.java:1413)
	at org.testng.Assert.assertEqualsImpl(Assert.java:149)
	at org.testng.Assert.assertEquals(Assert.java:131)
	at org.testng.Assert.assertEquals(Assert.java:655)
	at org.testng.Assert.assertEquals(Assert.java:665)
	at org.example.StepDefn.SD8_FollowStepDefn.RSSPageOpenInNewTab(SD8_FollowStepDefn.java:67)
	at âœ½."https://demo.nopcommerce.com/new-online-store-is-open" RSS page open in new tab(file:///E:/FWD/FWD%20workspace/EcommerceDemo/src/main/resources/Features/F8_FollowUs.feature:11)
&amp#27;[0m
]]></system-out>
    <system-err><![CDATA[Starting ChromeDriver 104.0.5112.79 (3cf3e8c8a07d104b9e1260c910efb8f383285dc5-refs/branch-heads/5112@{#1307}) on port 50130
Only local connections are allowed.
Please see https://chromedriver.chromium.org/security-considerations for suggestions on keeping ChromeDriver safe.
ChromeDriver was started successfully.
[1662927230.641][WARNING]: This version of ChromeDriver has not been tested with Chrome version 105.
Sep 11, 2022 10:13:50 PM org.openqa.selenium.remote.ProtocolHandshake createSession
INFO: Detected upstream dialect: W3C
Sep 11, 2022 10:13:50 PM org.openqa.selenium.devtools.CdpVersionFinder findNearestMatch
WARNING: Unable to find an exact match for CDP version 105, so returning the closest version found: 104
Sep 11, 2022 10:13:50 PM org.openqa.selenium.devtools.CdpVersionFinder findNearestMatch
INFO: Found CDP implementation for version 105 of 104
]]></system-err>
  </testcase>
  <testcase name="runScenario" classname="org.example.testRunner.runners" time="12.431"/>
  <testcase name="runScenario" classname="org.example.testRunner.runners" time="7.299"/>
  <testcase name="runScenario" classname="org.example.testRunner.runners" time="12.924"/>
</testsuite>